Build started 04-12-2014 14:47:59.
     1>Project "C:\projects\GameEngineProject\GameEnginesProject2014\GameEngineProject\GameEngineProject\GameEngineProject.vcxproj" on node 2 (Build target(s)).
     1>PreLinkEvent:
         copy SFML-2.1\bin
         :VCEnd
         SFML-2.1\bin\libsndfile-1.dll
         SFML-2.1\bin\openal32.dll
         SFML-2.1\bin\sfml-audio-2.dll
         SFML-2.1\bin\sfml-audio-d-2.dll
         SFML-2.1\bin\sfml-graphics-2.dll
         SFML-2.1\bin\sfml-graphics-d-2.dll
         SFML-2.1\bin\sfml-network-2.dll
         SFML-2.1\bin\sfml-network-d-2.dll
         SFML-2.1\bin\sfml-system-2.dll
         SFML-2.1\bin\sfml-system-d-2.dll
         SFML-2.1\bin\sfml-window-2.dll
         SFML-2.1\bin\sfml-window-d-2.dll
                12 file(s) copied.
       Link:
         GameEngineProject.vcxproj -> C:\projects\GameEngineProject\GameEnginesProject2014\GameEngineProject\x64\Debug\GameEngineProject.exe
     1>Done Building Project "C:\projects\GameEngineProject\GameEnginesProject2014\GameEngineProject\GameEngineProject\GameEngineProject.vcxproj" (Build target(s)).

Build succeeded.

Time Elapsed 00:00:00.32
