C:\ITU\KANDIDAT\GAMEENGINES\PROJECT\GAMEENGINESPROJECT2014\GAMEENGINEPROJECT\GAMEENGINEPROJECT\X64\DEBUG\GAMEENGINEPROJECT.PCH
C:\ITU\KANDIDAT\GAMEENGINES\PROJECT\GAMEENGINESPROJECT2014\GAMEENGINEPROJECT\GAMEENGINEPROJECT\X64\DEBUG\STDAFX.OBJ
C:\ITU\KANDIDAT\GAMEENGINES\PROJECT\GAMEENGINESPROJECT2014\GAMEENGINEPROJECT\GAMEENGINEPROJECT\X64\DEBUG\VC110.PDB
C:\ITU\KANDIDAT\GAMEENGINES\PROJECT\GAMEENGINESPROJECT2014\GAMEENGINEPROJECT\GAMEENGINEPROJECT\X64\DEBUG\FRAMEHANDLER.OBJ
C:\ITU\KANDIDAT\GAMEENGINES\PROJECT\GAMEENGINESPROJECT2014\GAMEENGINEPROJECT\GAMEENGINEPROJECT\X64\DEBUG\SPRITE.OBJ
C:\ITU\KANDIDAT\GAMEENGINES\PROJECT\GAMEENGINESPROJECT2014\GAMEENGINEPROJECT\GAMEENGINEPROJECT\X64\DEBUG\GAMEENGINEPROJECT.OBJ
C:\ITU\KANDIDAT\GAMEENGINES\PROJECT\GAMEENGINESPROJECT2014\GAMEENGINEPROJECT\X64\DEBUG\GAMEENGINEPROJECT.ILK
C:\ITU\KANDIDAT\GAMEENGINES\PROJECT\GAMEENGINESPROJECT2014\GAMEENGINEPROJECT\X64\DEBUG\GAMEENGINEPROJECT.EXE
C:\ITU\KANDIDAT\GAMEENGINES\PROJECT\GAMEENGINESPROJECT2014\GAMEENGINEPROJECT\X64\DEBUG\GAMEENGINEPROJECT.PDB
C:\ITU\Kandidat\GameEngines\Project\GameEnginesProject2014\GameEngineProject\GameEngineProject\x64\Debug\FrameHandler.obj
C:\ITU\Kandidat\GameEngines\Project\GameEnginesProject2014\GameEngineProject\GameEngineProject\x64\Debug\GameEngineProject.obj
C:\ITU\Kandidat\GameEngines\Project\GameEnginesProject2014\GameEngineProject\GameEngineProject\x64\Debug\Sprite.obj
C:\ITU\Kandidat\GameEngines\Project\GameEnginesProject2014\GameEngineProject\GameEngineProject\x64\Debug\stdafx.obj
C:\ITU\Kandidat\GameEngines\Project\GameEnginesProject2014\GameEngineProject\GameEngineProject\x64\Debug\cl.command.1.tlog
C:\ITU\Kandidat\GameEngines\Project\GameEnginesProject2014\GameEngineProject\GameEngineProject\x64\Debug\CL.read.1.tlog
C:\ITU\Kandidat\GameEngines\Project\GameEnginesProject2014\GameEngineProject\GameEngineProject\x64\Debug\CL.write.1.tlog
C:\ITU\Kandidat\GameEngines\Project\GameEnginesProject2014\GameEngineProject\GameEngineProject\x64\Debug\link-cvtres.read.1.tlog
C:\ITU\Kandidat\GameEngines\Project\GameEnginesProject2014\GameEngineProject\GameEngineProject\x64\Debug\link-cvtres.write.1.tlog
C:\ITU\Kandidat\GameEngines\Project\GameEnginesProject2014\GameEngineProject\GameEngineProject\x64\Debug\link-rc.read.1.tlog
C:\ITU\Kandidat\GameEngines\Project\GameEnginesProject2014\GameEngineProject\GameEngineProject\x64\Debug\link-rc.write.1.tlog
C:\ITU\Kandidat\GameEngines\Project\GameEnginesProject2014\GameEngineProject\GameEngineProject\x64\Debug\link.command.1.tlog
C:\ITU\Kandidat\GameEngines\Project\GameEnginesProject2014\GameEngineProject\GameEngineProject\x64\Debug\link.read.1.tlog
C:\ITU\Kandidat\GameEngines\Project\GameEnginesProject2014\GameEngineProject\GameEngineProject\x64\Debug\link.write.1.tlog
C:\ITU\Kandidat\GameEngines\Project\GameEnginesProject2014\GameEngineProject\GameEngineProject\x64\Debug\GameEngineProject.pch
C:\ITU\Kandidat\GameEngines\Project\GameEnginesProject2014\GameEngineProject\GameEngineProject\x64\Debug\vc110.idb
C:\ITU\Kandidat\GameEngines\Project\GameEnginesProject2014\GameEngineProject\GameEngineProject\x64\Debug\vc110.pdb
C:\ITU\Kandidat\GameEngines\Project\GameEnginesProject2014\GameEngineProject\x64\Debug\GameEngineProject.pdb
C:\ITU\Kandidat\GameEngines\Project\GameEnginesProject2014\GameEngineProject\x64\Debug\GameEngineProject.exe
C:\ITU\Kandidat\GameEngines\Project\GameEnginesProject2014\GameEngineProject\x64\Debug\GameEngineProject.ilk
